[32m[2015-05-19 18:47:15.463] [INFO] shiny-server - [39mShiny Server v1.3.0.403 (Node.js v0.10.21)
[32m[2015-05-19 18:47:15.464] [INFO] shiny-server - [39mUsing config file "/etc/shiny-server/shiny-server.conf"
[33m[2015-05-19 18:47:15.489] [WARN] shiny-server - [39mRunning as root unnecessarily is a security risk! You could be running more securely as non-root.
[32m[2015-05-19 18:47:15.492] [INFO] shiny-server - [39mStarting listener on 0.0.0.0:3838
[32m[2015-05-19 18:48:03.020] [INFO] shiny-server - [39mError getting worker: Error: ENOENT, open '/var/log/shiny-server/app-shiny-20150519-184803-54713.log'
[31m[2015-05-19 18:48:03.021] [ERROR] shiny-server - [39m{ [Error: ENOENT, open '/var/log/shiny-server/app-shiny-20150519-184803-54713.log']
  errno: 34,
  code: 'ENOENT',
  path: '/var/log/shiny-server/app-shiny-20150519-184803-54713.log' }
Error: ENOENT, open '/var/log/shiny-server/app-shiny-20150519-184803-54713.log'
[32m[2015-05-19 18:50:24.555] [INFO] shiny-server - [39mError getting worker: Error: ENOENT, open '/var/log/shiny-server/app-shiny-20150519-185024-56854.log'
[31m[2015-05-19 18:50:24.555] [ERROR] shiny-server - [39m{ [Error: ENOENT, open '/var/log/shiny-server/app-shiny-20150519-185024-56854.log']
  errno: 34,
  code: 'ENOENT',
  path: '/var/log/shiny-server/app-shiny-20150519-185024-56854.log' }
Error: ENOENT, open '/var/log/shiny-server/app-shiny-20150519-185024-56854.log'
[32m[2015-05-19 18:51:04.395] [INFO] shiny-server - [39mError getting worker: Error: ENOENT, open '/var/log/shiny-server/app-shiny-20150519-185104-40330.log'
[31m[2015-05-19 18:51:04.397] [ERROR] shiny-server - [39m{ [Error: ENOENT, open '/var/log/shiny-server/app-shiny-20150519-185104-40330.log']
  errno: 34,
  code: 'ENOENT',
  path: '/var/log/shiny-server/app-shiny-20150519-185104-40330.log' }
Error: ENOENT, open '/var/log/shiny-server/app-shiny-20150519-185104-40330.log'
[32m[2015-05-19 18:51:27.250] [INFO] shiny-server - [39mStopping listener on 0.0.0.0:3838
[32m[2015-05-19 18:51:27.253] [INFO] shiny-server - [39mShutting down worker processes (with notification)
[32m[2015-05-19 18:51:41.836] [INFO] shiny-server - [39mShiny Server v1.3.0.403 (Node.js v0.10.21)
[32m[2015-05-19 18:51:41.838] [INFO] shiny-server - [39mUsing config file "/etc/shiny-server/shiny-server.conf"
[33m[2015-05-19 18:51:41.865] [WARN] shiny-server - [39mRunning as root unnecessarily is a security risk! You could be running more securely as non-root.
[32m[2015-05-19 18:51:41.867] [INFO] shiny-server - [39mStarting listener on 0.0.0.0:3838
[32m[2015-05-19 18:51:43.969] [INFO] shiny-server - [39mError getting worker: Error: ENOENT, open '/var/log/shiny-server/app-shiny-20150519-185143-47777.log'
[31m[2015-05-19 18:51:43.970] [ERROR] shiny-server - [39m{ [Error: ENOENT, open '/var/log/shiny-server/app-shiny-20150519-185143-47777.log']
  errno: 34,
  code: 'ENOENT',
  path: '/var/log/shiny-server/app-shiny-20150519-185143-47777.log' }
Error: ENOENT, open '/var/log/shiny-server/app-shiny-20150519-185143-47777.log'
[32m[2015-05-19 18:53:45.505] [INFO] shiny-server - [39mStopping listener on 0.0.0.0:3838
[32m[2015-05-19 18:53:45.508] [INFO] shiny-server - [39mShutting down worker processes (with notification)
[32m[2015-05-19 18:53:54.195] [INFO] shiny-server - [39mShiny Server v1.3.0.403 (Node.js v0.10.21)
[32m[2015-05-19 18:53:54.197] [INFO] shiny-server - [39mUsing config file "/etc/shiny-server/shiny-server.conf"
[33m[2015-05-19 18:53:54.222] [WARN] shiny-server - [39mRunning as root unnecessarily is a security risk! You could be running more securely as non-root.
[32m[2015-05-19 18:53:54.225] [INFO] shiny-server - [39mStarting listener on 0.0.0.0:3838
[32m[2015-05-19 18:53:56.402] [INFO] shiny-server - [39mError getting worker: Error: ENOENT, open '/var/log/shiny-server/app-shiny-20150519-185356-59508.log'
[31m[2015-05-19 18:53:56.403] [ERROR] shiny-server - [39m{ [Error: ENOENT, open '/var/log/shiny-server/app-shiny-20150519-185356-59508.log']
  errno: 34,
  code: 'ENOENT',
  path: '/var/log/shiny-server/app-shiny-20150519-185356-59508.log' }
Error: ENOENT, open '/var/log/shiny-server/app-shiny-20150519-185356-59508.log'
[32m[2015-05-19 18:54:07.706] [INFO] shiny-server - [39mStopping listener on 0.0.0.0:3838
[32m[2015-05-19 18:54:07.706] [INFO] shiny-server - [39mShutting down worker processes (with notification)
